2025/02/07 20:10:17 Time: 2025-02-07T20:10:17Z - Coordinate for clab-century-serf1: &{Vec:[0.0003378614192112315 -0.0014295962960988115] Error:1.3725528751115474 Adjustment:0.00031408944301251863 Height:0.00011000862155919899}
2025/02/07 20:10:24 Time: 2025-02-07T20:10:24Z - Coordinate for clab-century-serf1: &{Vec:[0.0003378614192112315 -0.0014295962960988115] Error:1.3725528751115474 Adjustment:0.00031408944301251863 Height:0.00011000862155919899}
2025/02/07 20:10:26 Time: 2025-02-07T20:10:26Z - Coordinate for clab-century-serf2: &{Vec:[0 0] Error:1.5 Adjustment:0 Height:1e-05}
2025/02/07 20:10:27 Time: 2025-02-07T20:10:27Z - Coordinate for clab-century-serf1: &{Vec:[0.0003378614192112315 -0.0014295962960988115] Error:1.3725528751115474 Adjustment:0.00031408944301251863 Height:0.00011000862155919899}
2025/02/07 20:10:28 Time: 2025-02-07T20:10:28Z - Coordinate for clab-century-serf5: <nil>
2025/02/07 20:10:28 Time: 2025-02-07T20:10:28Z - Coordinate for clab-century-serf1: &{Vec:[0.0003378614192112315 -0.0014295962960988115] Error:1.3725528751115474 Adjustment:0.00031408944301251863 Height:0.00011000862155919899}
2025/02/07 20:10:29 Time: 2025-02-07T20:10:29Z - Coordinate for clab-century-serf1: &{Vec:[0.0003378614192112315 -0.0014295962960988115] Error:1.3725528751115474 Adjustment:0.00031408944301251863 Height:0.00011000862155919899}
2025/02/07 20:10:29 Time: 2025-02-07T20:10:29Z - Coordinate for clab-century-serf4: <nil>
2025/02/07 20:10:30 Time: 2025-02-07T20:10:30Z - Coordinate for clab-century-serf2: &{Vec:[0 0] Error:1.5 Adjustment:0 Height:1e-05}
2025/02/07 20:10:31 Time: 2025-02-07T20:10:31Z - Coordinate for clab-century-serf5: <nil>
2025/02/07 20:10:32 Time: 2025-02-07T20:10:32Z - Coordinate for clab-century-serf4: <nil>
2025/02/07 20:10:33 Time: 2025-02-07T20:10:33Z - Coordinate for clab-century-serf2: &{Vec:[0 0] Error:1.5 Adjustment:0 Height:1e-05}
2025/02/07 20:10:33 Time: 2025-02-07T20:10:33Z - Coordinate for clab-century-serf1: &{Vec:[0.0003378614192112315 -0.0014295962960988115] Error:1.3725528751115474 Adjustment:0.00031408944301251863 Height:0.00011000862155919899}
2025/02/07 20:10:43 Time: 2025-02-07T20:10:43Z - Coordinate for clab-century-serf3: &{Vec:[0.0005567959872589906 0.0003940106071699541] Error:1.421962951873925 Adjustment:0.00011829568728455811 Height:3.472980172144734e-05}
2025/02/07 20:10:44 Time: 2025-02-07T20:10:44Z - Coordinate for clab-century-serf1: &{Vec:[0.0003378614192112315 -0.0014295962960988115] Error:1.3725528751115474 Adjustment:0.00031408944301251863 Height:0.00011000862155919899}
2025/02/07 20:10:45 Time: 2025-02-07T20:10:45Z - Coordinate for clab-century-serf3: &{Vec:[0.0005567959872589906 0.0003940106071699541] Error:1.421962951873925 Adjustment:0.00011829568728455811 Height:3.472980172144734e-05}
2025/02/07 20:10:45 Time: 2025-02-07T20:10:45Z - Coordinate for clab-century-serf1: &{Vec:[0.0003378614192112315 -0.0014295962960988115] Error:1.3725528751115474 Adjustment:0.00031408944301251863 Height:0.00011000862155919899}
2025/02/07 20:10:46 Time: 2025-02-07T20:10:46Z - Coordinate for clab-century-serf1: &{Vec:[0.0003378614192112315 -0.0014295962960988115] Error:1.3725528751115474 Adjustment:0.00031408944301251863 Height:0.00011000862155919899}
2025/02/07 20:10:47 Time: 2025-02-07T20:10:47Z - Coordinate for clab-century-serf1: &{Vec:[0.0003378614192112315 -0.0014295962960988115] Error:1.3725528751115474 Adjustment:0.00031408944301251863 Height:0.00011000862155919899}
2025/02/07 20:10:47 Time: 2025-02-07T20:10:47Z - Coordinate for clab-century-serf3: &{Vec:[0.0005567959872589906 0.0003940106071699541] Error:1.421962951873925 Adjustment:0.00011829568728455811 Height:3.472980172144734e-05}
2025/02/07 20:10:48 Time: 2025-02-07T20:10:48Z - Coordinate for clab-century-serf1: &{Vec:[0.0003378614192112315 -0.0014295962960988115] Error:1.3725528751115474 Adjustment:0.00031408944301251863 Height:0.00011000862155919899}
2025/02/07 20:10:49 Time: 2025-02-07T20:10:49Z - Coordinate for clab-century-serf1: &{Vec:[0.0003378614192112315 -0.0014295962960988115] Error:1.3725528751115474 Adjustment:0.00031408944301251863 Height:0.00011000862155919899}
2025/02/07 20:10:49 Time: 2025-02-07T20:10:49Z - Coordinate for clab-century-serf1: &{Vec:[0.0003378614192112315 -0.0014295962960988115] Error:1.3725528751115474 Adjustment:0.00031408944301251863 Height:0.00011000862155919899}
2025/02/07 20:10:50 Time: 2025-02-07T20:10:50Z - Coordinate for clab-century-serf2: &{Vec:[0 0] Error:1.5 Adjustment:0 Height:1e-05}
2025/02/07 20:10:50 Time: 2025-02-07T20:10:50Z - Coordinate for clab-century-serf1: &{Vec:[0.0003378614192112315 -0.0014295962960988115] Error:1.3725528751115474 Adjustment:0.00031408944301251863 Height:0.00011000862155919899}
2025/02/07 20:10:51 Time: 2025-02-07T20:10:51Z - Coordinate for clab-century-serf1: &{Vec:[0.0003378614192112315 -0.0014295962960988115] Error:1.3725528751115474 Adjustment:0.00031408944301251863 Height:0.00011000862155919899}
2025/02/07 20:10:52 Time: 2025-02-07T20:10:52Z - Coordinate for clab-century-serf4: <nil>
2025/02/07 20:10:53 Time: 2025-02-07T20:10:53Z - Coordinate for clab-century-serf1: &{Vec:[0.0003378614192112315 -0.0014295962960988115] Error:1.3725528751115474 Adjustment:0.00031408944301251863 Height:0.00011000862155919899}
2025/02/07 20:10:54 Time: 2025-02-07T20:10:54Z - Coordinate for clab-century-serf1: &{Vec:[0.0003378614192112315 -0.0014295962960988115] Error:1.3725528751115474 Adjustment:0.00031408944301251863 Height:0.00011000862155919899}
2025/02/07 20:10:54 Time: 2025-02-07T20:10:54Z - Coordinate for clab-century-serf3: &{Vec:[0.0005567959872589906 0.0003940106071699541] Error:1.421962951873925 Adjustment:0.00011829568728455811 Height:3.472980172144734e-05}
2025/02/07 20:10:55 Time: 2025-02-07T20:10:55Z - Coordinate for clab-century-serf5: <nil>
2025/02/07 20:10:55 Time: 2025-02-07T20:10:55Z - Coordinate for clab-century-serf1: &{Vec:[0.0003378614192112315 -0.0014295962960988115] Error:1.3725528751115474 Adjustment:0.00031408944301251863 Height:0.00011000862155919899}
2025/02/07 20:10:56 Time: 2025-02-07T20:10:56Z - Coordinate for clab-century-serf4: <nil>
2025/02/07 20:10:56 Time: 2025-02-07T20:10:56Z - Coordinate for clab-century-serf2: &{Vec:[0 0] Error:1.5 Adjustment:0 Height:1e-05}
2025/02/07 20:10:57 Time: 2025-02-07T20:10:57Z - Coordinate for clab-century-serf5: <nil>
2025/02/07 20:10:58 Time: 2025-02-07T20:10:58Z - Coordinate for clab-century-serf1: &{Vec:[0.0003378614192112315 -0.0014295962960988115] Error:1.3725528751115474 Adjustment:0.00031408944301251863 Height:0.00011000862155919899}
2025/02/07 20:10:58 Time: 2025-02-07T20:10:58Z - Coordinate for clab-century-serf4: <nil>
2025/02/07 20:11:00 Time: 2025-02-07T20:11:00Z - Coordinate for clab-century-serf1: &{Vec:[0.0003378614192112315 -0.0014295962960988115] Error:1.3725528751115474 Adjustment:0.00031408944301251863 Height:0.00011000862155919899}
2025/02/07 20:11:01 Time: 2025-02-07T20:11:01Z - Coordinate for clab-century-serf1: &{Vec:[0.0003378614192112315 -0.0014295962960988115] Error:1.3725528751115474 Adjustment:0.00031408944301251863 Height:0.00011000862155919899}
2025/02/07 20:11:02 Time: 2025-02-07T20:11:02Z - Coordinate for clab-century-serf3: &{Vec:[0.0005567959872589906 0.0003940106071699541] Error:1.421962951873925 Adjustment:0.00011829568728455811 Height:3.472980172144734e-05}
2025/02/07 20:11:03 Time: 2025-02-07T20:11:03Z - Coordinate for clab-century-serf1: &{Vec:[0.0003378614192112315 -0.0014295962960988115] Error:1.3725528751115474 Adjustment:0.00031408944301251863 Height:0.00011000862155919899}
2025/02/07 20:11:03 Time: 2025-02-07T20:11:03Z - Coordinate for clab-century-serf4: <nil>
2025/02/07 20:11:04 Time: 2025-02-07T20:11:04Z - Coordinate for clab-century-serf1: &{Vec:[0.0003378614192112315 -0.0014295962960988115] Error:1.3725528751115474 Adjustment:0.00031408944301251863 Height:0.00011000862155919899}
2025/02/07 20:11:05 Time: 2025-02-07T20:11:05Z - Coordinate for clab-century-serf1: &{Vec:[0.0003378614192112315 -0.0014295962960988115] Error:1.3725528751115474 Adjustment:0.00031408944301251863 Height:0.00011000862155919899}
2025/02/07 20:11:07 Time: 2025-02-07T20:11:07Z - Coordinate for clab-century-serf1: &{Vec:[0.0003378614192112315 -0.0014295962960988115] Error:1.3725528751115474 Adjustment:0.00031408944301251863 Height:0.00011000862155919899}
2025/02/07 20:11:09 Time: 2025-02-07T20:11:09Z - Coordinate for clab-century-serf1: &{Vec:[0.0003378614192112315 -0.0014295962960988115] Error:1.3725528751115474 Adjustment:0.00031408944301251863 Height:0.00011000862155919899}
2025/02/07 20:11:09 Time: 2025-02-07T20:11:09Z - Coordinate for clab-century-serf1: &{Vec:[0.0003378614192112315 -0.0014295962960988115] Error:1.3725528751115474 Adjustment:0.00031408944301251863 Height:0.00011000862155919899}
2025/02/07 20:11:10 Time: 2025-02-07T20:11:10Z - Coordinate for clab-century-serf1: &{Vec:[0.0003378614192112315 -0.0014295962960988115] Error:1.3725528751115474 Adjustment:0.00031408944301251863 Height:0.00011000862155919899}
2025/02/07 20:11:11 Time: 2025-02-07T20:11:11Z - Coordinate for clab-century-serf5: <nil>
2025/02/07 20:11:17 Time: 2025-02-07T20:11:17Z - Coordinate for clab-century-serf1: &{Vec:[0.0003378614192112315 -0.0014295962960988115] Error:1.3725528751115474 Adjustment:0.00031408944301251863 Height:0.00011000862155919899}
2025/02/07 20:11:18 Time: 2025-02-07T20:11:18Z - Coordinate for clab-century-serf1: &{Vec:[0.0003378614192112315 -0.0014295962960988115] Error:1.3725528751115474 Adjustment:0.00031408944301251863 Height:0.00011000862155919899}
2025/02/07 20:11:18 Time: 2025-02-07T20:11:18Z - Coordinate for clab-century-serf4: <nil>
2025/02/07 20:11:19 Time: 2025-02-07T20:11:19Z - Coordinate for clab-century-serf1: &{Vec:[0.0003378614192112315 -0.0014295962960988115] Error:1.3725528751115474 Adjustment:0.00031408944301251863 Height:0.00011000862155919899}
2025/02/07 20:11:20 Time: 2025-02-07T20:11:20Z - Coordinate for clab-century-serf5: <nil>
2025/02/07 20:11:21 Time: 2025-02-07T20:11:21Z - Coordinate for clab-century-serf4: <nil>
2025/02/07 20:11:21 Time: 2025-02-07T20:11:21Z - Coordinate for clab-century-serf1: &{Vec:[0.0003378614192112315 -0.0014295962960988115] Error:1.3725528751115474 Adjustment:0.00031408944301251863 Height:0.00011000862155919899}
2025/02/07 20:11:25 Time: 2025-02-07T20:11:25Z - Coordinate for clab-century-serf1: &{Vec:[0.0003378614192112315 -0.0014295962960988115] Error:1.3725528751115474 Adjustment:0.00031408944301251863 Height:0.00011000862155919899}
2025/02/07 20:12:41 Time: 2025-02-07T20:12:41Z - Coordinate for clab-century-serf3: &{Vec:[0.0005567959872589906 0.0003940106071699541] Error:1.421962951873925 Adjustment:0.00011829568728455811 Height:3.472980172144734e-05}
2025/02/07 20:12:42 Time: 2025-02-07T20:12:42Z - Coordinate for clab-century-serf4: &{Vec:[-0.008461094873617599 0.014137995136713228] Error:1.3554316237420525 Adjustment:0.0028844765395199543 Height:0.0018097510627585512}
2025/02/07 20:12:42 Time: 2025-02-07T20:12:42Z - Coordinate for clab-century-serf2: &{Vec:[0 0] Error:1.5 Adjustment:0 Height:1e-05}
2025/02/07 20:12:43 Time: 2025-02-07T20:12:43Z - Coordinate for clab-century-serf1: &{Vec:[-0.0008023009614964194 0.0005876409593045938] Error:1.5 Adjustment:-6.058255536264476e-06 Height:1e-05}
2025/02/07 20:12:44 Time: 2025-02-07T20:12:44Z - Coordinate for clab-century-serf1: &{Vec:[-0.0008023009614964194 0.0005876409593045938] Error:1.5 Adjustment:-6.058255536264476e-06 Height:1e-05}
2025/02/07 20:12:44 Time: 2025-02-07T20:12:44Z - Coordinate for clab-century-serf1: &{Vec:[-0.0008023009614964194 0.0005876409593045938] Error:1.5 Adjustment:-6.058255536264476e-06 Height:1e-05}
2025/02/07 20:12:45 Time: 2025-02-07T20:12:45Z - Coordinate for clab-century-serf1: &{Vec:[-0.0008023009614964194 0.0005876409593045938] Error:1.5 Adjustment:-6.058255536264476e-06 Height:1e-05}
2025/02/07 20:12:46 Time: 2025-02-07T20:12:46Z - Coordinate for clab-century-serf4: &{Vec:[-0.008461094873617599 0.014137995136713228] Error:1.3554316237420525 Adjustment:0.0028844765395199543 Height:0.0018097510627585512}
2025/02/07 20:12:47 Time: 2025-02-07T20:12:47Z - Coordinate for clab-century-serf1: &{Vec:[-0.0008023009614964194 0.0005876409593045938] Error:1.5 Adjustment:-6.058255536264476e-06 Height:1e-05}
2025/02/07 20:12:48 Time: 2025-02-07T20:12:48Z - Coordinate for clab-century-serf3: &{Vec:[0.0005567959872589906 0.0003940106071699541] Error:1.421962951873925 Adjustment:0.00011829568728455811 Height:3.472980172144734e-05}
2025/02/07 20:12:48 Time: 2025-02-07T20:12:48Z - Coordinate for clab-century-serf1: &{Vec:[-0.0008023009614964194 0.0005876409593045938] Error:1.5 Adjustment:-6.058255536264476e-06 Height:1e-05}
2025/02/07 20:12:49 Time: 2025-02-07T20:12:49Z - Coordinate for clab-century-serf2: &{Vec:[0 0] Error:1.5 Adjustment:0 Height:1e-05}
2025/02/07 20:12:58 Time: 2025-02-07T20:12:58Z - Coordinate for clab-century-serf1: &{Vec:[-0.0008023009614964194 0.0005876409593045938] Error:1.5 Adjustment:-6.058255536264476e-06 Height:1e-05}
2025/02/07 20:13:00 Time: 2025-02-07T20:13:00Z - Coordinate for clab-century-serf1: &{Vec:[-0.0008023009614964194 0.0005876409593045938] Error:1.5 Adjustment:-6.058255536264476e-06 Height:1e-05}
2025/02/07 20:13:00 Time: 2025-02-07T20:13:00Z - Coordinate for clab-century-serf4: &{Vec:[-0.008461094873617599 0.014137995136713228] Error:1.3554316237420525 Adjustment:0.0028844765395199543 Height:0.0018097510627585512}
2025/02/07 20:13:01 Time: 2025-02-07T20:13:01Z - Coordinate for clab-century-serf1: &{Vec:[-0.0008023009614964194 0.0005876409593045938] Error:1.5 Adjustment:-6.058255536264476e-06 Height:1e-05}
2025/02/07 20:13:02 Time: 2025-02-07T20:13:02Z - Coordinate for clab-century-serf1: &{Vec:[-0.0008023009614964194 0.0005876409593045938] Error:1.5 Adjustment:-6.058255536264476e-06 Height:1e-05}
2025/02/07 20:13:03 Time: 2025-02-07T20:13:03Z - Coordinate for clab-century-serf1: &{Vec:[-0.0008023009614964194 0.0005876409593045938] Error:1.5 Adjustment:-6.058255536264476e-06 Height:1e-05}
2025/02/07 20:13:04 Time: 2025-02-07T20:13:04Z - Coordinate for clab-century-serf1: &{Vec:[-0.0008023009614964194 0.0005876409593045938] Error:1.5 Adjustment:-6.058255536264476e-06 Height:1e-05}
2025/02/07 20:13:04 Time: 2025-02-07T20:13:04Z - Coordinate for clab-century-serf1: &{Vec:[-0.0008023009614964194 0.0005876409593045938] Error:1.5 Adjustment:-6.058255536264476e-06 Height:1e-05}
2025/02/07 20:13:06 Time: 2025-02-07T20:13:06Z - Coordinate for clab-century-serf1: &{Vec:[-0.0008023009614964194 0.0005876409593045938] Error:1.5 Adjustment:-6.058255536264476e-06 Height:1e-05}
2025/02/07 20:13:07 Time: 2025-02-07T20:13:07Z - Coordinate for clab-century-serf1: &{Vec:[-0.0008023009614964194 0.0005876409593045938] Error:1.5 Adjustment:-6.058255536264476e-06 Height:1e-05}
2025/02/07 20:17:54 Time: 2025-02-07T20:17:54Z - Coordinate for clab-century-serf3: &{Vec:[-0.00012409629405344175 0.005425448795740579] Error:1.2893921533422439 Adjustment:0.0008782713981090012 Height:0.00015057810832709486}
2025/02/07 20:17:54 Time: 2025-02-07T20:17:54Z - Coordinate for clab-century-serf4: &{Vec:[-0.008461094873617599 0.014137995136713228] Error:1.3554316237420525 Adjustment:0.0028844765395199543 Height:0.0018097510627585512}
2025/02/07 20:17:54 Time: 2025-02-07T20:17:54Z - Coordinate for clab-century-serf5: &{Vec:[-0.004503910368978355 0.0031300481906521745] Error:1.3649503415817839 Adjustment:0.0009254666901419009 Height:0.0006137972392817866}
2025/02/07 20:17:54 Time: 2025-02-07T20:17:54Z - Coordinate for clab-century-serf1: &{Vec:[0.0030436251364234024 -0.0003135846823906896] Error:1.1910252057609323 Adjustment:0.0010383873100239544 Height:0.0002342701266081407}
2025/02/07 20:17:54 Time: 2025-02-07T20:17:54Z - Coordinate for clab-century-serf2: &{Vec:[-0.010172923240266309 -0.004351943901056986] Error:1.348551926674745 Adjustment:0.0018837265241007125 Height:0.00013482207157298795}
2025/02/07 20:18:04 Time: 2025-02-07T20:18:04Z - Coordinate for clab-century-serf2: &{Vec:[-0.010172923240266309 -0.004351943901056986] Error:1.348551926674745 Adjustment:0.0018837265241007125 Height:0.00013482207157298795}
2025/02/07 20:18:04 Time: 2025-02-07T20:18:04Z - Coordinate for clab-century-serf3: &{Vec:[-0.00012409629405344175 0.005425448795740579] Error:1.2893921533422439 Adjustment:0.0008782713981090012 Height:0.00015057810832709486}
2025/02/07 20:18:04 Time: 2025-02-07T20:18:04Z - Coordinate for clab-century-serf4: &{Vec:[-0.008461094873617599 0.014137995136713228] Error:1.3554316237420525 Adjustment:0.0028844765395199543 Height:0.0018097510627585512}
2025/02/07 20:18:04 Time: 2025-02-07T20:18:04Z - Coordinate for clab-century-serf5: &{Vec:[-0.004503910368978355 0.0031300481906521745] Error:1.3649503415817839 Adjustment:0.0009254666901419009 Height:0.0006137972392817866}
2025/02/07 20:18:04 Time: 2025-02-07T20:18:04Z - Coordinate for clab-century-serf1: &{Vec:[0.0030436251364234024 -0.0003135846823906896] Error:1.1910252057609323 Adjustment:0.0010383873100239544 Height:0.0002342701266081407}
2025/02/07 20:18:14 Time: 2025-02-07T20:18:14Z - Coordinate for clab-century-serf4: &{Vec:[-0.008461094873617599 0.014137995136713228] Error:1.3554316237420525 Adjustment:0.0028844765395199543 Height:0.0018097510627585512}
2025/02/07 20:18:14 Time: 2025-02-07T20:18:14Z - Coordinate for clab-century-serf5: &{Vec:[-0.004503910368978355 0.0031300481906521745] Error:1.3649503415817839 Adjustment:0.0009254666901419009 Height:0.0006137972392817866}
2025/02/07 20:18:14 Time: 2025-02-07T20:18:14Z - Coordinate for clab-century-serf1: &{Vec:[0.0030436251364234024 -0.0003135846823906896] Error:1.1910252057609323 Adjustment:0.0010383873100239544 Height:0.0002342701266081407}
2025/02/07 20:18:14 Time: 2025-02-07T20:18:14Z - Coordinate for clab-century-serf2: &{Vec:[-0.010172923240266309 -0.004351943901056986] Error:1.348551926674745 Adjustment:0.0018837265241007125 Height:0.00013482207157298795}
2025/02/07 20:18:14 Time: 2025-02-07T20:18:14Z - Coordinate for clab-century-serf3: &{Vec:[-0.00012409629405344175 0.005425448795740579] Error:1.2893921533422439 Adjustment:0.0008782713981090012 Height:0.00015057810832709486}
2025/02/07 20:18:24 Time: 2025-02-07T20:18:24Z - Coordinate for clab-century-serf3: &{Vec:[-0.00012409629405344175 0.005425448795740579] Error:1.2893921533422439 Adjustment:0.0008782713981090012 Height:0.00015057810832709486}
2025/02/07 20:18:24 Time: 2025-02-07T20:18:24Z - Coordinate for clab-century-serf4: &{Vec:[-0.008461094873617599 0.014137995136713228] Error:1.3554316237420525 Adjustment:0.0028844765395199543 Height:0.0018097510627585512}
2025/02/07 20:18:24 Time: 2025-02-07T20:18:24Z - Coordinate for clab-century-serf5: &{Vec:[-0.004503910368978355 0.0031300481906521745] Error:1.3649503415817839 Adjustment:0.0009254666901419009 Height:0.0006137972392817866}
2025/02/07 20:18:24 Time: 2025-02-07T20:18:24Z - Coordinate for clab-century-serf1: &{Vec:[0.0030436251364234024 -0.0003135846823906896] Error:1.1910252057609323 Adjustment:0.0010383873100239544 Height:0.0002342701266081407}
2025/02/07 20:18:24 Time: 2025-02-07T20:18:24Z - Coordinate for clab-century-serf2: &{Vec:[-0.010172923240266309 -0.004351943901056986] Error:1.348551926674745 Adjustment:0.0018837265241007125 Height:0.00013482207157298795}
2025/02/07 20:18:34 Time: 2025-02-07T20:18:34Z - Coordinate for clab-century-serf1: &{Vec:[0.0030436251364234024 -0.0003135846823906896] Error:1.1910252057609323 Adjustment:0.0010383873100239544 Height:0.0002342701266081407}
2025/02/07 20:18:34 Time: 2025-02-07T20:18:34Z - Coordinate for clab-century-serf2: &{Vec:[-0.010172923240266309 -0.004351943901056986] Error:1.348551926674745 Adjustment:0.0018837265241007125 Height:0.00013482207157298795}
2025/02/07 20:18:34 Time: 2025-02-07T20:18:34Z - Coordinate for clab-century-serf3: &{Vec:[-0.00012409629405344175 0.005425448795740579] Error:1.2893921533422439 Adjustment:0.0008782713981090012 Height:0.00015057810832709486}
2025/02/07 20:18:34 Time: 2025-02-07T20:18:34Z - Coordinate for clab-century-serf4: &{Vec:[-0.008461094873617599 0.014137995136713228] Error:1.3554316237420525 Adjustment:0.0028844765395199543 Height:0.0018097510627585512}
2025/02/07 20:18:34 Time: 2025-02-07T20:18:34Z - Coordinate for clab-century-serf5: &{Vec:[-0.004503910368978355 0.0031300481906521745] Error:1.3649503415817839 Adjustment:0.0009254666901419009 Height:0.0006137972392817866}
2025/02/07 20:18:44 Time: 2025-02-07T20:18:44Z - Coordinate for clab-century-serf4: &{Vec:[-0.008461094873617599 0.014137995136713228] Error:1.3554316237420525 Adjustment:0.0028844765395199543 Height:0.0018097510627585512}
2025/02/07 20:18:44 Time: 2025-02-07T20:18:44Z - Coordinate for clab-century-serf5: &{Vec:[-0.004503910368978355 0.0031300481906521745] Error:1.3649503415817839 Adjustment:0.0009254666901419009 Height:0.0006137972392817866}
2025/02/07 20:18:44 Time: 2025-02-07T20:18:44Z - Coordinate for clab-century-serf1: &{Vec:[0.0030436251364234024 -0.0003135846823906896] Error:1.1910252057609323 Adjustment:0.0010383873100239544 Height:0.0002342701266081407}
2025/02/07 20:18:44 Time: 2025-02-07T20:18:44Z - Coordinate for clab-century-serf2: &{Vec:[-0.010172923240266309 -0.004351943901056986] Error:1.348551926674745 Adjustment:0.0018837265241007125 Height:0.00013482207157298795}
2025/02/07 20:18:44 Time: 2025-02-07T20:18:44Z - Coordinate for clab-century-serf3: &{Vec:[-0.00012409629405344175 0.005425448795740579] Error:1.2893921533422439 Adjustment:0.0008782713981090012 Height:0.00015057810832709486}
